2013/08/06 09:30:55 [error] [php] Trying to get property of non-object (/var/www/dtechsite/protected/views/layouts/main.php:8)
Stack trace:
#0 /var/www/frameworks/yii-1.1.13.e9e4a0/framework/web/widgets/CContentDecorator.php(76): SiteController->renderFile()
#1 /var/www/frameworks/yii-1.1.13.e9e4a0/framework/web/widgets/CContentDecorator.php(54): CContentDecorator->decorate()
#2 /var/www/frameworks/yii-1.1.13.e9e4a0/framework/web/widgets/COutputProcessor.php(44): CContentDecorator->processOutput()
#3 /var/www/frameworks/yii-1.1.13.e9e4a0/framework/web/CBaseController.php(206): CContentDecorator->run()
#4 /var/www/frameworks/yii-1.1.13.e9e4a0/framework/web/CBaseController.php(300): SiteController->endWidget()
#5 /var/www/dtechsite/protected/views/layouts/column1.php(7): SiteController->endContent()
#6 /var/www/frameworks/yii-1.1.13.e9e4a0/framework/web/CBaseController.php(126): require()
#7 /var/www/frameworks/yii-1.1.13.e9e4a0/framework/web/CBaseController.php(95): SiteController->renderInternal()
#8 /var/www/frameworks/yii-1.1.13.e9e4a0/framework/web/CController.php(784): SiteController->renderFile()
#9 /var/www/dtechsite/protected/controllers/SiteController.php(32): SiteController->render()
#10 /var/www/frameworks/yii-1.1.13.e9e4a0/framework/web/actions/CInlineAction.php(49): SiteController->actionIndex()
#11 /var/www/frameworks/yii-1.1.13.e9e4a0/framework/web/CController.php(308): CInlineAction->runWithParams()
#12 /var/www/frameworks/yii-1.1.13.e9e4a0/framework/web/CController.php(286): SiteController->runAction()
#13 /var/www/frameworks/yii-1.1.13.e9e4a0/framework/web/CController.php(265): SiteController->runActionWithFilters()
#14 /var/www/frameworks/yii-1.1.13.e9e4a0/framework/web/CWebApplication.php(282): SiteController->run()
#15 /var/www/frameworks/yii-1.1.13.e9e4a0/framework/web/CWebApplication.php(141): CWebApplication->runController()
#16 /var/www/frameworks/yii-1.1.13.e9e4a0/framework/base/CApplication.php(169): CWebApplication->processRequest()
#17 /var/www/dtechsite/index.php(13): CWebApplication->run()
REQUEST_URI=/dtechsite/
in /var/www/dtechsite/protected/views/layouts/main.php (8)
in /var/www/dtechsite/protected/views/layouts/column1.php (7)
in /var/www/dtechsite/protected/controllers/SiteController.php (32)
2013/08/06 09:33:29 [error] [exception.CException] exception 'CException' with message 'Property "CWebUser.isSuperuser" is not defined.' in /var/www/frameworks/yii-1.1.13.e9e4a0/framework/base/CComponent.php:130
Stack trace:
#0 /var/www/frameworks/yii-1.1.13.e9e4a0/framework/web/auth/CWebUser.php(140): CComponent->__get('isSuperuser')
#1 /var/www/dtechsite/protected/views/layouts/main.php(80): CWebUser->__get('isSuperuser')
#2 /var/www/frameworks/yii-1.1.13.e9e4a0/framework/web/CBaseController.php(126): require('/var/www/dtechs...')
#3 /var/www/frameworks/yii-1.1.13.e9e4a0/framework/web/CBaseController.php(95): CBaseController->renderInternal('/var/www/dtechs...', Array, true)
#4 /var/www/frameworks/yii-1.1.13.e9e4a0/framework/web/widgets/CContentDecorator.php(76): CBaseController->renderFile('/var/www/dtechs...', Array, true)
#5 /var/www/frameworks/yii-1.1.13.e9e4a0/framework/web/widgets/CContentDecorator.php(54): CContentDecorator->decorate('??<div id="cont...')
#6 /var/www/frameworks/yii-1.1.13.e9e4a0/framework/web/widgets/COutputProcessor.php(44): CContentDecorator->processOutput('??<div id="cont...')
#7 /var/www/frameworks/yii-1.1.13.e9e4a0/framework/web/CBaseController.php(206): COutputProcessor->run()
#8 /var/www/frameworks/yii-1.1.13.e9e4a0/framework/web/CBaseController.php(300): CBaseController->endWidget('CContentDecorat...')
#9 /var/www/dtechsite/protected/views/layouts/column1.php(7): CBaseController->endContent()
#10 /var/www/frameworks/yii-1.1.13.e9e4a0/framework/web/CBaseController.php(126): require('/var/www/dtechs...')
#11 /var/www/frameworks/yii-1.1.13.e9e4a0/framework/web/CBaseController.php(95): CBaseController->renderInternal('/var/www/dtechs...', Array, true)
#12 /var/www/frameworks/yii-1.1.13.e9e4a0/framework/web/CController.php(784): CBaseController->renderFile('/var/www/dtechs...', Array, true)
#13 /var/www/dtechsite/protected/controllers/SiteController.php(32): CController->render('index')
#14 /var/www/frameworks/yii-1.1.13.e9e4a0/framework/web/actions/CInlineAction.php(49): SiteController->actionIndex()
#15 /var/www/frameworks/yii-1.1.13.e9e4a0/framework/web/CController.php(308): CInlineAction->runWithParams(Array)
#16 /var/www/frameworks/yii-1.1.13.e9e4a0/framework/web/CController.php(286): CController->runAction(Object(CInlineAction))
#17 /var/www/frameworks/yii-1.1.13.e9e4a0/framework/web/CController.php(265): CController->runActionWithFilters(Object(CInlineAction), Array)
#18 /var/www/frameworks/yii-1.1.13.e9e4a0/framework/web/CWebApplication.php(282): CController->run('')
#19 /var/www/frameworks/yii-1.1.13.e9e4a0/framework/web/CWebApplication.php(141): CWebApplication->runController('')
#20 /var/www/frameworks/yii-1.1.13.e9e4a0/framework/base/CApplication.php(169): CWebApplication->processRequest()
#21 /var/www/dtechsite/index.php(13): CApplication->run()
#22 {main}
REQUEST_URI=/dtechsite/
---
2013/08/06 09:34:17 [error] [php] Trying to get property of non-object (/var/www/dtechsite/protected/views/layouts/main.php:174)
Stack trace:
#0 /var/www/frameworks/yii-1.1.13.e9e4a0/framework/web/widgets/CContentDecorator.php(76): SiteController->renderFile()
#1 /var/www/frameworks/yii-1.1.13.e9e4a0/framework/web/widgets/CContentDecorator.php(54): CContentDecorator->decorate()
#2 /var/www/frameworks/yii-1.1.13.e9e4a0/framework/web/widgets/COutputProcessor.php(44): CContentDecorator->processOutput()
#3 /var/www/frameworks/yii-1.1.13.e9e4a0/framework/web/CBaseController.php(206): CContentDecorator->run()
#4 /var/www/frameworks/yii-1.1.13.e9e4a0/framework/web/CBaseController.php(300): SiteController->endWidget()
#5 /var/www/dtechsite/protected/views/layouts/column1.php(7): SiteController->endContent()
#6 /var/www/frameworks/yii-1.1.13.e9e4a0/framework/web/CBaseController.php(126): require()
#7 /var/www/frameworks/yii-1.1.13.e9e4a0/framework/web/CBaseController.php(95): SiteController->renderInternal()
#8 /var/www/frameworks/yii-1.1.13.e9e4a0/framework/web/CController.php(784): SiteController->renderFile()
#9 /var/www/dtechsite/protected/controllers/SiteController.php(32): SiteController->render()
#10 /var/www/frameworks/yii-1.1.13.e9e4a0/framework/web/actions/CInlineAction.php(49): SiteController->actionIndex()
#11 /var/www/frameworks/yii-1.1.13.e9e4a0/framework/web/CController.php(308): CInlineAction->runWithParams()
#12 /var/www/frameworks/yii-1.1.13.e9e4a0/framework/web/CController.php(286): SiteController->runAction()
#13 /var/www/frameworks/yii-1.1.13.e9e4a0/framework/web/CController.php(265): SiteController->runActionWithFilters()
#14 /var/www/frameworks/yii-1.1.13.e9e4a0/framework/web/CWebApplication.php(282): SiteController->run()
#15 /var/www/frameworks/yii-1.1.13.e9e4a0/framework/web/CWebApplication.php(141): CWebApplication->runController()
#16 /var/www/frameworks/yii-1.1.13.e9e4a0/framework/base/CApplication.php(169): CWebApplication->processRequest()
#17 /var/www/dtechsite/index.php(13): CWebApplication->run()
REQUEST_URI=/dtechsite/
in /var/www/dtechsite/protected/views/layouts/main.php (174)
in /var/www/dtechsite/protected/views/layouts/column1.php (7)
in /var/www/dtechsite/protected/controllers/SiteController.php (32)
2013/08/06 09:38:18 [error] [php] require(/var/www/dtechsite/protected/views/site/login.php): failed to open stream: Permission denied (/var/www/frameworks/yii-1.1.13.e9e4a0/framework/web/CBaseController.php:126)
Stack trace:
#0 /var/www/frameworks/yii-1.1.13.e9e4a0/framework/web/CController.php(869): SiteController->renderFile()
#1 /var/www/frameworks/yii-1.1.13.e9e4a0/framework/web/CController.php(782): SiteController->renderPartial()
#2 /var/www/dtechsite/protected/controllers/SiteController.php(97): SiteController->render()
#3 /var/www/frameworks/yii-1.1.13.e9e4a0/framework/web/actions/CInlineAction.php(49): SiteController->actionLogin()
#4 /var/www/frameworks/yii-1.1.13.e9e4a0/framework/web/CController.php(308): CInlineAction->runWithParams()
#5 /var/www/frameworks/yii-1.1.13.e9e4a0/framework/web/CController.php(286): SiteController->runAction()
#6 /var/www/frameworks/yii-1.1.13.e9e4a0/framework/web/CController.php(265): SiteController->runActionWithFilters()
#7 /var/www/frameworks/yii-1.1.13.e9e4a0/framework/web/CWebApplication.php(282): SiteController->run()
#8 /var/www/frameworks/yii-1.1.13.e9e4a0/framework/web/CWebApplication.php(141): CWebApplication->runController()
#9 /var/www/frameworks/yii-1.1.13.e9e4a0/framework/base/CApplication.php(169): CWebApplication->processRequest()
#10 /var/www/dtechsite/index.php(13): CWebApplication->run()
REQUEST_URI=/dtechsite/index.php?r=site/login
in /var/www/dtechsite/protected/controllers/SiteController.php (97)
in /var/www/dtechsite/index.php (13)
2013/08/06 09:45:31 [error] [php] include(ConfMisc.php): failed to open stream: No such file or directory (/var/www/frameworks/yii-1.1.13.e9e4a0/framework/YiiBase.php:421)
Stack trace:
#0 /var/www/dtechsite/protected/components/Controller.php(67): spl_autoload_call()
#1 /var/www/dtechsite/protected/components/Controller.php(47): SiteController->installConfig()
#2 /var/www/frameworks/yii-1.1.13.e9e4a0/framework/web/CController.php(306): SiteController->beforeAction()
#3 /var/www/frameworks/yii-1.1.13.e9e4a0/framework/web/CController.php(286): SiteController->runAction()
#4 /var/www/frameworks/yii-1.1.13.e9e4a0/framework/web/CController.php(265): SiteController->runActionWithFilters()
#5 /var/www/frameworks/yii-1.1.13.e9e4a0/framework/web/CWebApplication.php(282): SiteController->run()
#6 /var/www/frameworks/yii-1.1.13.e9e4a0/framework/web/CWebApplication.php(141): CWebApplication->runController()
#7 /var/www/frameworks/yii-1.1.13.e9e4a0/framework/base/CApplication.php(169): CWebApplication->processRequest()
#8 /var/www/dtechsite/index.php(13): CWebApplication->run()
REQUEST_URI=/dtechsite/
in /var/www/dtechsite/protected/components/Controller.php (67)
in /var/www/dtechsite/protected/components/Controller.php (47)
in /var/www/dtechsite/index.php (13)
2013/08/06 09:45:57 [error] [php] include(/var/www/dtechsite/protected/models/ConfMisc.php): failed to open stream: Permission denied (/var/www/frameworks/yii-1.1.13.e9e4a0/framework/YiiBase.php:421)
Stack trace:
#0 /var/www/dtechsite/protected/components/Controller.php(67): spl_autoload_call()
#1 /var/www/dtechsite/protected/components/Controller.php(47): SiteController->installConfig()
#2 /var/www/frameworks/yii-1.1.13.e9e4a0/framework/web/CController.php(306): SiteController->beforeAction()
#3 /var/www/frameworks/yii-1.1.13.e9e4a0/framework/web/CController.php(286): SiteController->runAction()
#4 /var/www/frameworks/yii-1.1.13.e9e4a0/framework/web/CController.php(265): SiteController->runActionWithFilters()
#5 /var/www/frameworks/yii-1.1.13.e9e4a0/framework/web/CWebApplication.php(282): SiteController->run()
#6 /var/www/frameworks/yii-1.1.13.e9e4a0/framework/web/CWebApplication.php(141): CWebApplication->runController()
#7 /var/www/frameworks/yii-1.1.13.e9e4a0/framework/base/CApplication.php(169): CWebApplication->processRequest()
#8 /var/www/dtechsite/index.php(13): CWebApplication->run()
REQUEST_URI=/dtechsite/
in /var/www/dtechsite/protected/components/Controller.php (67)
in /var/www/dtechsite/protected/components/Controller.php (47)
in /var/www/dtechsite/index.php (13)
2013/08/06 09:46:02 [error] [exception.CDbException] exception 'CDbException' with message 'CDbConnection failed to open the DB connection: SQLSTATE[28000] [1045] Access denied for user 'funkyins_yii'@'localhost' (using password: YES)' in /var/www/frameworks/yii-1.1.13.e9e4a0/framework/db/CDbConnection.php:381
Stack trace:
#0 /var/www/frameworks/yii-1.1.13.e9e4a0/framework/db/CDbConnection.php(330): CDbConnection->open()
#1 /var/www/frameworks/yii-1.1.13.e9e4a0/framework/db/CDbConnection.php(308): CDbConnection->setActive(true)
#2 /var/www/frameworks/yii-1.1.13.e9e4a0/framework/base/CModule.php(387): CDbConnection->init()
#3 /var/www/frameworks/yii-1.1.13.e9e4a0/framework/base/CApplication.php(438): CModule->getComponent('db')
#4 /var/www/frameworks/yii-1.1.13.e9e4a0/framework/db/ar/CActiveRecord.php(623): CApplication->getDb()
#5 /var/www/frameworks/yii-1.1.13.e9e4a0/framework/db/ar/CActiveRecord.php(2309): CActiveRecord->getDbConnection()
#6 /var/www/frameworks/yii-1.1.13.e9e4a0/framework/db/ar/CActiveRecord.php(387): CActiveRecordMetaData->__construct(Object(ConfMisc))
#7 /var/www/dtechsite/protected/models/ConfMisc.php(32): CActiveRecord::model('ConfMisc')
#8 /var/www/dtechsite/protected/components/Controller.php(67): ConfMisc::model()
#9 /var/www/dtechsite/protected/components/Controller.php(47): Controller->installConfig()
#10 /var/www/frameworks/yii-1.1.13.e9e4a0/framework/web/CController.php(306): Controller->beforeAction(Object(CInlineAction))
#11 /var/www/frameworks/yii-1.1.13.e9e4a0/framework/web/CController.php(286): CController->runAction(Object(CInlineAction))
#12 /var/www/frameworks/yii-1.1.13.e9e4a0/framework/web/CController.php(265): CController->runActionWithFilters(Object(CInlineAction), Array)
#13 /var/www/frameworks/yii-1.1.13.e9e4a0/framework/web/CWebApplication.php(282): CController->run('index')
#14 /var/www/frameworks/yii-1.1.13.e9e4a0/framework/web/CWebApplication.php(141): CWebApplication->runController('site/index')
#15 /var/www/frameworks/yii-1.1.13.e9e4a0/framework/base/CApplication.php(169): CWebApplication->processRequest()
#16 /var/www/dtechsite/index.php(13): CApplication->run()
#17 {main}
REQUEST_URI=/dtechsite/
---
2013/08/06 09:46:40 [error] [system.db.CDbCommand] CDbCommand::fetchAll() failed: SQLSTATE[42S02]: Base table or view not found: 1146 Table 'dtech-site.conf_misc' doesn't exist. The SQL statement executed was: SHOW FULL COLUMNS FROM `conf_misc`.
in /var/www/dtechsite/protected/models/ConfMisc.php (32)
in /var/www/dtechsite/protected/components/Controller.php (67)
in /var/www/dtechsite/protected/components/Controller.php (47)
2013/08/06 09:46:40 [error] [exception.CDbException] exception 'CDbException' with message 'The table "conf_misc" for active record class "ConfMisc" cannot be found in the database.' in /var/www/frameworks/yii-1.1.13.e9e4a0/framework/db/ar/CActiveRecord.php:2310
Stack trace:
#0 /var/www/frameworks/yii-1.1.13.e9e4a0/framework/db/ar/CActiveRecord.php(387): CActiveRecordMetaData->__construct(Object(ConfMisc))
#1 /var/www/dtechsite/protected/models/ConfMisc.php(32): CActiveRecord::model('ConfMisc')
#2 /var/www/dtechsite/protected/components/Controller.php(67): ConfMisc::model()
#3 /var/www/dtechsite/protected/components/Controller.php(47): Controller->installConfig()
#4 /var/www/frameworks/yii-1.1.13.e9e4a0/framework/web/CController.php(306): Controller->beforeAction(Object(CInlineAction))
#5 /var/www/frameworks/yii-1.1.13.e9e4a0/framework/web/CController.php(286): CController->runAction(Object(CInlineAction))
#6 /var/www/frameworks/yii-1.1.13.e9e4a0/framework/web/CController.php(265): CController->runActionWithFilters(Object(CInlineAction), Array)
#7 /var/www/frameworks/yii-1.1.13.e9e4a0/framework/web/CWebApplication.php(282): CController->run('index')
#8 /var/www/frameworks/yii-1.1.13.e9e4a0/framework/web/CWebApplication.php(141): CWebApplication->runController('site/index')
#9 /var/www/frameworks/yii-1.1.13.e9e4a0/framework/base/CApplication.php(169): CWebApplication->processRequest()
#10 /var/www/dtechsite/index.php(13): CApplication->run()
#11 {main}
REQUEST_URI=/dtechsite/
---
2013/08/06 09:46:49 [error] [system.db.CDbCommand] CDbCommand::fetchAll() failed: SQLSTATE[42S02]: Base table or view not found: 1146 Table 'dtech-site.tbl_migration' doesn't exist. The SQL statement executed was: SHOW FULL COLUMNS FROM `tbl_migration`.
2013/08/06 09:46:52 [error] [system.db.CDbCommand] CDbCommand::fetchAll() failed: SQLSTATE[42000]: Syntax error or access violation: 1064 You have an error in your SQL syntax; check the manual that corresponds to your MySQL server version for the right syntax to use near '-site' at line 1. The SQL statement executed was: Show TABLES  from dtech-site.
2013/08/06 09:46:52 [error] [exception.CDbException] exception 'CDbException' with message 'CDbCommand failed to execute the SQL statement: SQLSTATE[42000]: Syntax error or access violation: 1064 You have an error in your SQL syntax; check the manual that corresponds to your MySQL server version for the right syntax to use near '-site' at line 1. The SQL statement executed was: Show TABLES  from dtech-site' in /var/www/frameworks/yii-1.1.13.e9e4a0/framework/db/CDbCommand.php:541
Stack trace:
#0 /var/www/frameworks/yii-1.1.13.e9e4a0/framework/db/CDbCommand.php(395): CDbCommand->queryInternal('fetchAll', Array, Array)
#1 /var/www/dtechsite/protected/components/core/db/ItstDbMigration.php(47): CDbCommand->queryAll()
#2 /var/www/dtechsite/protected/components/core/db/ItstDbMigration.php(124): ItstDbMigration->getTables()
#3 /var/www/dtechsite/protected/migrations/m120708_142711_tbl_user.php(27): ItstDbMigration->createTable('users', Array, 'ENGINE=InnoDB')
#4 /var/www/frameworks/yii-1.1.13.e9e4a0/framework/cli/commands/MigrateCommand.php(385): m120708_142711_tbl_user->up()
#5 /var/www/frameworks/yii-1.1.13.e9e4a0/framework/cli/commands/MigrateCommand.php(109): MigrateCommand->migrateUp('m120708_142711_...')
#6 [internal function]: MigrateCommand->actionUp(Array)
#7 /var/www/frameworks/yii-1.1.13.e9e4a0/framework/console/CConsoleCommand.php(172): ReflectionMethod->invokeArgs(Object(MigrateCommand), Array)
#8 /var/www/frameworks/yii-1.1.13.e9e4a0/framework/console/CConsoleCommandRunner.php(67): CConsoleCommand->run(Array)
#9 /var/www/frameworks/yii-1.1.13.e9e4a0/framework/console/CConsoleApplication.php(91): CConsoleCommandRunner->run(Array)
#10 /var/www/frameworks/yii-1.1.13.e9e4a0/framework/base/CApplication.php(169): CConsoleApplication->processRequest()
#11 /var/www/frameworks/yii-1.1.13.e9e4a0/framework/yiic.php(33): CApplication->run()
#12 /var/www/dtechsite/protected/yiic.php(7): require_once('/var/www/framew...')
#13 /var/www/dtechsite/protected/yiic(4): require_once('/var/www/dtechs...')
#14 {main}
---
2013/08/06 09:47:43 [error] [system.db.CDbCommand] CDbCommand::fetchAll() failed: SQLSTATE[42000]: Syntax error or access violation: 1064 You have an error in your SQL syntax; check the manual that corresponds to your MySQL server version for the right syntax to use near '-site' at line 1. The SQL statement executed was: Show TABLES  from dtech-site.
2013/08/06 09:47:43 [error] [exception.CDbException] exception 'CDbException' with message 'CDbCommand failed to execute the SQL statement: SQLSTATE[42000]: Syntax error or access violation: 1064 You have an error in your SQL syntax; check the manual that corresponds to your MySQL server version for the right syntax to use near '-site' at line 1. The SQL statement executed was: Show TABLES  from dtech-site' in /var/www/frameworks/yii-1.1.13.e9e4a0/framework/db/CDbCommand.php:541
Stack trace:
#0 /var/www/frameworks/yii-1.1.13.e9e4a0/framework/db/CDbCommand.php(395): CDbCommand->queryInternal('fetchAll', Array, Array)
#1 /var/www/dtechsite/protected/components/core/db/ItstDbMigration.php(47): CDbCommand->queryAll()
#2 /var/www/dtechsite/protected/components/core/db/ItstDbMigration.php(124): ItstDbMigration->getTables()
#3 /var/www/dtechsite/protected/migrations/m120708_142711_tbl_user.php(27): ItstDbMigration->createTable('users', Array, 'ENGINE=InnoDB')
#4 /var/www/frameworks/yii-1.1.13.e9e4a0/framework/cli/commands/MigrateCommand.php(385): m120708_142711_tbl_user->up()
#5 /var/www/frameworks/yii-1.1.13.e9e4a0/framework/cli/commands/MigrateCommand.php(109): MigrateCommand->migrateUp('m120708_142711_...')
#6 [internal function]: MigrateCommand->actionUp(Array)
#7 /var/www/frameworks/yii-1.1.13.e9e4a0/framework/console/CConsoleCommand.php(172): ReflectionMethod->invokeArgs(Object(MigrateCommand), Array)
#8 /var/www/frameworks/yii-1.1.13.e9e4a0/framework/console/CConsoleCommandRunner.php(67): CConsoleCommand->run(Array)
#9 /var/www/frameworks/yii-1.1.13.e9e4a0/framework/console/CConsoleApplication.php(91): CConsoleCommandRunner->run(Array)
#10 /var/www/frameworks/yii-1.1.13.e9e4a0/framework/base/CApplication.php(169): CConsoleApplication->processRequest()
#11 /var/www/frameworks/yii-1.1.13.e9e4a0/framework/yiic.php(33): CApplication->run()
#12 /var/www/dtechsite/protected/yiic.php(7): require_once('/var/www/framew...')
#13 /var/www/dtechsite/protected/yiic(4): require_once('/var/www/dtechs...')
#14 {main}
---
2013/08/06 09:49:07 [error] [exception.CHttpException.404] exception 'CHttpException' with message 'Unable to resolve the request "users/changePassword".' in /var/www/frameworks/yii-1.1.13.e9e4a0/framework/web/CWebApplication.php:286
Stack trace:
#0 /var/www/frameworks/yii-1.1.13.e9e4a0/framework/web/CWebApplication.php(141): CWebApplication->runController('users/changePas...')
#1 /var/www/frameworks/yii-1.1.13.e9e4a0/framework/base/CApplication.php(169): CWebApplication->processRequest()
#2 /var/www/dtechsite/index.php(13): CApplication->run()
#3 {main}
REQUEST_URI=/dtechsite/index.php/users/changePassword
HTTP_REFERER=http://localhost/dtechsite/index.php
---
2013/08/06 09:49:34 [error] [php] require(/var/www/dtechsite/protected/controllers/UsersController.php): failed to open stream: Permission denied (/var/www/frameworks/yii-1.1.13.e9e4a0/framework/web/CWebApplication.php:354)
Stack trace:
#0 /var/www/frameworks/yii-1.1.13.e9e4a0/framework/web/CWebApplication.php(141): CWebApplication->runController()
#1 /var/www/frameworks/yii-1.1.13.e9e4a0/framework/base/CApplication.php(169): CWebApplication->processRequest()
#2 /var/www/dtechsite/index.php(13): CWebApplication->run()
REQUEST_URI=/dtechsite/index.php/users/changePassword
in /var/www/dtechsite/index.php (13)
2013/08/06 09:57:50 [error] [php] Undefined index: Confmisc (/var/www/dtechsite/protected/controllers/ConfigurationsController.php:70)
Stack trace:
#0 /var/www/frameworks/yii-1.1.13.e9e4a0/framework/web/actions/CInlineAction.php(47): CInlineAction->runWithParamsInternal()
#1 /var/www/frameworks/yii-1.1.13.e9e4a0/framework/web/CController.php(308): CInlineAction->runWithParams()
#2 /var/www/frameworks/yii-1.1.13.e9e4a0/framework/web/filters/CFilterChain.php(133): ConfigurationsController->runAction()
#3 /var/www/frameworks/yii-1.1.13.e9e4a0/framework/web/filters/CFilter.php(40): CFilterChain->run()
#4 /var/www/frameworks/yii-1.1.13.e9e4a0/framework/web/CController.php(1145): CAccessControlFilter->filter()
#5 /var/www/frameworks/yii-1.1.13.e9e4a0/framework/web/filters/CInlineFilter.php(58): ConfigurationsController->filterAccessControl()
#6 /var/www/frameworks/yii-1.1.13.e9e4a0/framework/web/filters/CFilterChain.php(130): CInlineFilter->filter()
#7 /var/www/frameworks/yii-1.1.13.e9e4a0/framework/web/CController.php(291): CFilterChain->run()
#8 /var/www/frameworks/yii-1.1.13.e9e4a0/framework/web/CController.php(265): ConfigurationsController->runActionWithFilters()
#9 /var/www/frameworks/yii-1.1.13.e9e4a0/framework/web/CWebApplication.php(282): ConfigurationsController->run()
#10 /var/www/frameworks/yii-1.1.13.e9e4a0/framework/web/CWebApplication.php(141): CWebApplication->runController()
#11 /var/www/frameworks/yii-1.1.13.e9e4a0/framework/base/CApplication.php(169): CWebApplication->processRequest()
#12 /var/www/dtechsite/index.php(13): CWebApplication->run()
REQUEST_URI=/dtechsite/index.php/configurations/load/2?m=misc
in /var/www/dtechsite/protected/controllers/ConfigurationsController.php (70)
in /var/www/dtechsite/index.php (13)
2013/08/06 09:57:57 [error] [php] Undefined index: Confmisc (/var/www/dtechsite/protected/controllers/ConfigurationsController.php:70)
Stack trace:
#0 /var/www/frameworks/yii-1.1.13.e9e4a0/framework/web/actions/CInlineAction.php(47): CInlineAction->runWithParamsInternal()
#1 /var/www/frameworks/yii-1.1.13.e9e4a0/framework/web/CController.php(308): CInlineAction->runWithParams()
#2 /var/www/frameworks/yii-1.1.13.e9e4a0/framework/web/filters/CFilterChain.php(133): ConfigurationsController->runAction()
#3 /var/www/frameworks/yii-1.1.13.e9e4a0/framework/web/filters/CFilter.php(40): CFilterChain->run()
#4 /var/www/frameworks/yii-1.1.13.e9e4a0/framework/web/CController.php(1145): CAccessControlFilter->filter()
#5 /var/www/frameworks/yii-1.1.13.e9e4a0/framework/web/filters/CInlineFilter.php(58): ConfigurationsController->filterAccessControl()
#6 /var/www/frameworks/yii-1.1.13.e9e4a0/framework/web/filters/CFilterChain.php(130): CInlineFilter->filter()
#7 /var/www/frameworks/yii-1.1.13.e9e4a0/framework/web/CController.php(291): CFilterChain->run()
#8 /var/www/frameworks/yii-1.1.13.e9e4a0/framework/web/CController.php(265): ConfigurationsController->runActionWithFilters()
#9 /var/www/frameworks/yii-1.1.13.e9e4a0/framework/web/CWebApplication.php(282): ConfigurationsController->run()
#10 /var/www/frameworks/yii-1.1.13.e9e4a0/framework/web/CWebApplication.php(141): CWebApplication->runController()
#11 /var/www/frameworks/yii-1.1.13.e9e4a0/framework/base/CApplication.php(169): CWebApplication->processRequest()
#12 /var/www/dtechsite/index.php(13): CWebApplication->run()
REQUEST_URI=/dtechsite/index.php/configurations/load/2?m=misc
in /var/www/dtechsite/protected/controllers/ConfigurationsController.php (70)
in /var/www/dtechsite/index.php (13)
2013/08/06 09:58:54 [error] [php] Undefined index: Confmisc (/var/www/dtechsite/protected/controllers/ConfigurationsController.php:70)
Stack trace:
#0 /var/www/frameworks/yii-1.1.13.e9e4a0/framework/web/actions/CInlineAction.php(47): CInlineAction->runWithParamsInternal()
#1 /var/www/frameworks/yii-1.1.13.e9e4a0/framework/web/CController.php(308): CInlineAction->runWithParams()
#2 /var/www/frameworks/yii-1.1.13.e9e4a0/framework/web/filters/CFilterChain.php(133): ConfigurationsController->runAction()
#3 /var/www/frameworks/yii-1.1.13.e9e4a0/framework/web/filters/CFilter.php(40): CFilterChain->run()
#4 /var/www/frameworks/yii-1.1.13.e9e4a0/framework/web/CController.php(1145): CAccessControlFilter->filter()
#5 /var/www/frameworks/yii-1.1.13.e9e4a0/framework/web/filters/CInlineFilter.php(58): ConfigurationsController->filterAccessControl()
#6 /var/www/frameworks/yii-1.1.13.e9e4a0/framework/web/filters/CFilterChain.php(130): CInlineFilter->filter()
#7 /var/www/frameworks/yii-1.1.13.e9e4a0/framework/web/CController.php(291): CFilterChain->run()
#8 /var/www/frameworks/yii-1.1.13.e9e4a0/framework/web/CController.php(265): ConfigurationsController->runActionWithFilters()
#9 /var/www/frameworks/yii-1.1.13.e9e4a0/framework/web/CWebApplication.php(282): ConfigurationsController->run()
#10 /var/www/frameworks/yii-1.1.13.e9e4a0/framework/web/CWebApplication.php(141): CWebApplication->runController()
#11 /var/www/frameworks/yii-1.1.13.e9e4a0/framework/base/CApplication.php(169): CWebApplication->processRequest()
#12 /var/www/dtechsite/index.php(13): CWebApplication->run()
REQUEST_URI=/dtechsite/index.php/configurations/load/2?m=misc
in /var/www/dtechsite/protected/controllers/ConfigurationsController.php (70)
in /var/www/dtechsite/index.php (13)
2013/08/06 10:00:12 [error] [php] include(trim.php): failed to open stream: No such file or directory (/var/www/frameworks/yii-1.1.13.e9e4a0/framework/YiiBase.php:421)
Stack trace:
#0 /var/www/dtechsite/protected/controllers/ConfigurationsController.php(64): spl_autoload_call()
#1 unknown(0): ConfigurationsController->actionLoad()
#2 /var/www/frameworks/yii-1.1.13.e9e4a0/framework/web/actions/CAction.php(108): ReflectionMethod->invokeArgs()
#3 /var/www/frameworks/yii-1.1.13.e9e4a0/framework/web/actions/CInlineAction.php(47): CInlineAction->runWithParamsInternal()
#4 /var/www/frameworks/yii-1.1.13.e9e4a0/framework/web/CController.php(308): CInlineAction->runWithParams()
#5 /var/www/frameworks/yii-1.1.13.e9e4a0/framework/web/filters/CFilterChain.php(133): ConfigurationsController->runAction()
#6 /var/www/frameworks/yii-1.1.13.e9e4a0/framework/web/filters/CFilter.php(40): CFilterChain->run()
#7 /var/www/frameworks/yii-1.1.13.e9e4a0/framework/web/CController.php(1145): CAccessControlFilter->filter()
#8 /var/www/frameworks/yii-1.1.13.e9e4a0/framework/web/filters/CInlineFilter.php(58): ConfigurationsController->filterAccessControl()
#9 /var/www/frameworks/yii-1.1.13.e9e4a0/framework/web/filters/CFilterChain.php(130): CInlineFilter->filter()
#10 /var/www/frameworks/yii-1.1.13.e9e4a0/framework/web/CController.php(291): CFilterChain->run()
#11 /var/www/frameworks/yii-1.1.13.e9e4a0/framework/web/CController.php(265): ConfigurationsController->runActionWithFilters()
#12 /var/www/frameworks/yii-1.1.13.e9e4a0/framework/web/CWebApplication.php(282): ConfigurationsController->run()
#13 /var/www/frameworks/yii-1.1.13.e9e4a0/framework/web/CWebApplication.php(141): CWebApplication->runController()
#14 /var/www/frameworks/yii-1.1.13.e9e4a0/framework/base/CApplication.php(169): CWebApplication->processRequest()
#15 /var/www/dtechsite/index.php(13): CWebApplication->run()
REQUEST_URI=/dtechsite/index.php/configurations/load/2?m=misc
in /var/www/dtechsite/protected/controllers/ConfigurationsController.php (64)
in /var/www/dtechsite/index.php (13)
2013/08/06 10:01:00 [error] [php] Undefined index: Confmisc (/var/www/dtechsite/protected/controllers/ConfigurationsController.php:71)
Stack trace:
#0 /var/www/frameworks/yii-1.1.13.e9e4a0/framework/web/actions/CInlineAction.php(47): CInlineAction->runWithParamsInternal()
#1 /var/www/frameworks/yii-1.1.13.e9e4a0/framework/web/CController.php(308): CInlineAction->runWithParams()
#2 /var/www/frameworks/yii-1.1.13.e9e4a0/framework/web/filters/CFilterChain.php(133): ConfigurationsController->runAction()
#3 /var/www/frameworks/yii-1.1.13.e9e4a0/framework/web/filters/CFilter.php(40): CFilterChain->run()
#4 /var/www/frameworks/yii-1.1.13.e9e4a0/framework/web/CController.php(1145): CAccessControlFilter->filter()
#5 /var/www/frameworks/yii-1.1.13.e9e4a0/framework/web/filters/CInlineFilter.php(58): ConfigurationsController->filterAccessControl()
#6 /var/www/frameworks/yii-1.1.13.e9e4a0/framework/web/filters/CFilterChain.php(130): CInlineFilter->filter()
#7 /var/www/frameworks/yii-1.1.13.e9e4a0/framework/web/CController.php(291): CFilterChain->run()
#8 /var/www/frameworks/yii-1.1.13.e9e4a0/framework/web/CController.php(265): ConfigurationsController->runActionWithFilters()
#9 /var/www/frameworks/yii-1.1.13.e9e4a0/framework/web/CWebApplication.php(282): ConfigurationsController->run()
#10 /var/www/frameworks/yii-1.1.13.e9e4a0/framework/web/CWebApplication.php(141): CWebApplication->runController()
#11 /var/www/frameworks/yii-1.1.13.e9e4a0/framework/base/CApplication.php(169): CWebApplication->processRequest()
#12 /var/www/dtechsite/index.php(13): CWebApplication->run()
REQUEST_URI=/dtechsite/index.php/configurations/load/2?m=misc
in /var/www/dtechsite/protected/controllers/ConfigurationsController.php (71)
in /var/www/dtechsite/index.php (13)
2013/08/06 10:01:12 [error] [php] Undefined index: Confmisc (/var/www/dtechsite/protected/controllers/ConfigurationsController.php:71)
Stack trace:
#0 /var/www/frameworks/yii-1.1.13.e9e4a0/framework/web/actions/CInlineAction.php(47): CInlineAction->runWithParamsInternal()
#1 /var/www/frameworks/yii-1.1.13.e9e4a0/framework/web/CController.php(308): CInlineAction->runWithParams()
#2 /var/www/frameworks/yii-1.1.13.e9e4a0/framework/web/filters/CFilterChain.php(133): ConfigurationsController->runAction()
#3 /var/www/frameworks/yii-1.1.13.e9e4a0/framework/web/filters/CFilter.php(40): CFilterChain->run()
#4 /var/www/frameworks/yii-1.1.13.e9e4a0/framework/web/CController.php(1145): CAccessControlFilter->filter()
#5 /var/www/frameworks/yii-1.1.13.e9e4a0/framework/web/filters/CInlineFilter.php(58): ConfigurationsController->filterAccessControl()
#6 /var/www/frameworks/yii-1.1.13.e9e4a0/framework/web/filters/CFilterChain.php(130): CInlineFilter->filter()
#7 /var/www/frameworks/yii-1.1.13.e9e4a0/framework/web/CController.php(291): CFilterChain->run()
#8 /var/www/frameworks/yii-1.1.13.e9e4a0/framework/web/CController.php(265): ConfigurationsController->runActionWithFilters()
#9 /var/www/frameworks/yii-1.1.13.e9e4a0/framework/web/CWebApplication.php(282): ConfigurationsController->run()
#10 /var/www/frameworks/yii-1.1.13.e9e4a0/framework/web/CWebApplication.php(141): CWebApplication->runController()
#11 /var/www/frameworks/yii-1.1.13.e9e4a0/framework/base/CApplication.php(169): CWebApplication->processRequest()
#12 /var/www/dtechsite/index.php(13): CWebApplication->run()
REQUEST_URI=/dtechsite/index.php/configurations/load/2?m=misc
in /var/www/dtechsite/protected/controllers/ConfigurationsController.php (71)
in /var/www/dtechsite/index.php (13)
2013/08/06 10:48:49 [error] [exception.CHttpException.404] exception 'CHttpException' with message 'Unable to resolve the request "images/comments_img_03.jpg".' in /var/www/frameworks/yii-1.1.13.e9e4a0/framework/web/CWebApplication.php:286
Stack trace:
#0 /var/www/frameworks/yii-1.1.13.e9e4a0/framework/web/CWebApplication.php(141): CWebApplication->runController('images/comments...')
#1 /var/www/frameworks/yii-1.1.13.e9e4a0/framework/base/CApplication.php(169): CWebApplication->processRequest()
#2 /var/www/dtechsite/index.php(13): CApplication->run()
#3 {main}
REQUEST_URI=/dtechsite/index.php/images/comments_img_03.jpg
HTTP_REFERER=http://localhost/dtechsite/index.php/
---
2013/08/06 10:48:49 [error] [exception.CHttpException.404] exception 'CHttpException' with message 'Unable to resolve the request "images/brush_img_03.jpg".' in /var/www/frameworks/yii-1.1.13.e9e4a0/framework/web/CWebApplication.php:286
Stack trace:
#0 /var/www/frameworks/yii-1.1.13.e9e4a0/framework/web/CWebApplication.php(141): CWebApplication->runController('images/brush_im...')
#1 /var/www/frameworks/yii-1.1.13.e9e4a0/framework/base/CApplication.php(169): CWebApplication->processRequest()
#2 /var/www/dtechsite/index.php(13): CApplication->run()
#3 {main}
REQUEST_URI=/dtechsite/index.php/images/brush_img_03.jpg
HTTP_REFERER=http://localhost/dtechsite/index.php/
---
2013/08/06 10:48:49 [error] [exception.CHttpException.404] exception 'CHttpException' with message 'Unable to resolve the request "images/right_arrow_03.png".' in /var/www/frameworks/yii-1.1.13.e9e4a0/framework/web/CWebApplication.php:286
Stack trace:
#0 /var/www/frameworks/yii-1.1.13.e9e4a0/framework/web/CWebApplication.php(141): CWebApplication->runController('images/right_ar...')
#1 /var/www/frameworks/yii-1.1.13.e9e4a0/framework/base/CApplication.php(169): CWebApplication->processRequest()
#2 /var/www/dtechsite/index.php(13): CApplication->run()
#3 {main}
REQUEST_URI=/dtechsite/index.php/images/right_arrow_03.png
HTTP_REFERER=http://localhost/dtechsite/index.php/
---
2013/08/06 10:48:49 [error] [exception.CHttpException.404] exception 'CHttpException' with message 'Unable to resolve the request "images/logo_02.jpg".' in /var/www/frameworks/yii-1.1.13.e9e4a0/framework/web/CWebApplication.php:286
Stack trace:
#0 /var/www/frameworks/yii-1.1.13.e9e4a0/framework/web/CWebApplication.php(141): CWebApplication->runController('images/logo_02....')
#1 /var/www/frameworks/yii-1.1.13.e9e4a0/framework/base/CApplication.php(169): CWebApplication->processRequest()
#2 /var/www/dtechsite/index.php(13): CApplication->run()
#3 {main}
REQUEST_URI=/dtechsite/index.php/images/logo_02.jpg
HTTP_REFERER=http://localhost/dtechsite/index.php/
---
2013/08/06 10:48:49 [error] [exception.CHttpException.404] exception 'CHttpException' with message 'Unable to resolve the request "images/banner_facebook_03.jpg".' in /var/www/frameworks/yii-1.1.13.e9e4a0/framework/web/CWebApplication.php:286
Stack trace:
#0 /var/www/frameworks/yii-1.1.13.e9e4a0/framework/web/CWebApplication.php(141): CWebApplication->runController('images/banner_f...')
#1 /var/www/frameworks/yii-1.1.13.e9e4a0/framework/base/CApplication.php(169): CWebApplication->processRequest()
#2 /var/www/dtechsite/index.php(13): CApplication->run()
#3 {main}
REQUEST_URI=/dtechsite/index.php/images/banner_facebook_03.jpg
HTTP_REFERER=http://localhost/dtechsite/index.php/
---
2013/08/06 10:48:49 [error] [exception.CHttpException.404] exception 'CHttpException' with message 'Unable to resolve the request "images/banner_tweeter_03.jpg".' in /var/www/frameworks/yii-1.1.13.e9e4a0/framework/web/CWebApplication.php:286
Stack trace:
#0 /var/www/frameworks/yii-1.1.13.e9e4a0/framework/web/CWebApplication.php(141): CWebApplication->runController('images/banner_t...')
#1 /var/www/frameworks/yii-1.1.13.e9e4a0/framework/base/CApplication.php(169): CWebApplication->processRequest()
#2 /var/www/dtechsite/index.php(13): CApplication->run()
#3 {main}
REQUEST_URI=/dtechsite/index.php/images/banner_tweeter_03.jpg
HTTP_REFERER=http://localhost/dtechsite/index.php/
---
2013/08/06 10:48:49 [error] [exception.CHttpException.404] exception 'CHttpException' with message 'Unable to resolve the request "images/banner_linkedin_03.jpg".' in /var/www/frameworks/yii-1.1.13.e9e4a0/framework/web/CWebApplication.php:286
Stack trace:
#0 /var/www/frameworks/yii-1.1.13.e9e4a0/framework/web/CWebApplication.php(141): CWebApplication->runController('images/banner_l...')
#1 /var/www/frameworks/yii-1.1.13.e9e4a0/framework/base/CApplication.php(169): CWebApplication->processRequest()
#2 /var/www/dtechsite/index.php(13): CApplication->run()
#3 {main}
REQUEST_URI=/dtechsite/index.php/images/banner_linkedin_03.jpg
HTTP_REFERER=http://localhost/dtechsite/index.php/
---
2013/08/06 10:48:49 [error] [exception.CHttpException.404] exception 'CHttpException' with message 'Unable to resolve the request "images/left_arrow_03.png".' in /var/www/frameworks/yii-1.1.13.e9e4a0/framework/web/CWebApplication.php:286
Stack trace:
#0 /var/www/frameworks/yii-1.1.13.e9e4a0/framework/web/CWebApplication.php(141): CWebApplication->runController('images/left_arr...')
#1 /var/www/frameworks/yii-1.1.13.e9e4a0/framework/base/CApplication.php(169): CWebApplication->processRequest()
#2 /var/www/dtechsite/index.php(13): CApplication->run()
#3 {main}
REQUEST_URI=/dtechsite/index.php/images/left_arrow_03.png
HTTP_REFERER=http://localhost/dtechsite/index.php/
---
2013/08/06 10:48:49 [error] [exception.CHttpException.404] exception 'CHttpException' with message 'Unable to resolve the request "images/banner_dots_03.jpg".' in /var/www/frameworks/yii-1.1.13.e9e4a0/framework/web/CWebApplication.php:286
Stack trace:
#0 /var/www/frameworks/yii-1.1.13.e9e4a0/framework/web/CWebApplication.php(141): CWebApplication->runController('images/banner_d...')
#1 /var/www/frameworks/yii-1.1.13.e9e4a0/framework/base/CApplication.php(169): CWebApplication->processRequest()
#2 /var/www/dtechsite/index.php(13): CApplication->run()
#3 {main}
REQUEST_URI=/dtechsite/index.php/images/banner_dots_03.jpg
HTTP_REFERER=http://localhost/dtechsite/index.php/
---
2013/08/06 10:48:49 [error] [exception.CHttpException.404] exception 'CHttpException' with message 'Unable to resolve the request "images/tab_like_img_03.png".' in /var/www/frameworks/yii-1.1.13.e9e4a0/framework/web/CWebApplication.php:286
Stack trace:
#0 /var/www/frameworks/yii-1.1.13.e9e4a0/framework/web/CWebApplication.php(141): CWebApplication->runController('images/tab_like...')
#1 /var/www/frameworks/yii-1.1.13.e9e4a0/framework/base/CApplication.php(169): CWebApplication->processRequest()
#2 /var/www/dtechsite/index.php(13): CApplication->run()
#3 {main}
REQUEST_URI=/dtechsite/index.php/images/tab_like_img_03.png
HTTP_REFERER=http://localhost/dtechsite/index.php/
---
2013/08/06 10:48:49 [error] [exception.CHttpException.404] exception 'CHttpException' with message 'Unable to resolve the request "images/brush_big_img_03.png".' in /var/www/frameworks/yii-1.1.13.e9e4a0/framework/web/CWebApplication.php:286
Stack trace:
#0 /var/www/frameworks/yii-1.1.13.e9e4a0/framework/web/CWebApplication.php(141): CWebApplication->runController('images/brush_bi...')
#1 /var/www/frameworks/yii-1.1.13.e9e4a0/framework/base/CApplication.php(169): CWebApplication->processRequest()
#2 /var/www/dtechsite/index.php(13): CApplication->run()
#3 {main}
REQUEST_URI=/dtechsite/index.php/images/brush_big_img_03.png
HTTP_REFERER=http://localhost/dtechsite/index.php/
---
2013/08/06 10:48:49 [error] [exception.CHttpException.404] exception 'CHttpException' with message 'Unable to resolve the request "images/keyboard_img_03.png".' in /var/www/frameworks/yii-1.1.13.e9e4a0/framework/web/CWebApplication.php:286
Stack trace:
#0 /var/www/frameworks/yii-1.1.13.e9e4a0/framework/web/CWebApplication.php(141): CWebApplication->runController('images/keyboard...')
#1 /var/www/frameworks/yii-1.1.13.e9e4a0/framework/base/CApplication.php(169): CWebApplication->processRequest()
#2 /var/www/dtechsite/index.php(13): CApplication->run()
#3 {main}
REQUEST_URI=/dtechsite/index.php/images/keyboard_img_03.png
HTTP_REFERER=http://localhost/dtechsite/index.php/
---
2013/08/06 10:48:49 [error] [exception.CHttpException.404] exception 'CHttpException' with message 'Unable to resolve the request "images/lcd_03.png".' in /var/www/frameworks/yii-1.1.13.e9e4a0/framework/web/CWebApplication.php:286
Stack trace:
#0 /var/www/frameworks/yii-1.1.13.e9e4a0/framework/web/CWebApplication.php(141): CWebApplication->runController('images/lcd_03.p...')
#1 /var/www/frameworks/yii-1.1.13.e9e4a0/framework/base/CApplication.php(169): CWebApplication->processRequest()
#2 /var/www/dtechsite/index.php(13): CApplication->run()
#3 {main}
REQUEST_URI=/dtechsite/index.php/images/lcd_03.png
HTTP_REFERER=http://localhost/dtechsite/index.php/
---
2013/08/06 10:48:49 [error] [exception.CHttpException.404] exception 'CHttpException' with message 'Unable to resolve the request "images/releasing_img_03.png".' in /var/www/frameworks/yii-1.1.13.e9e4a0/framework/web/CWebApplication.php:286
Stack trace:
#0 /var/www/frameworks/yii-1.1.13.e9e4a0/framework/web/CWebApplication.php(141): CWebApplication->runController('images/releasin...')
#1 /var/www/frameworks/yii-1.1.13.e9e4a0/framework/base/CApplication.php(169): CWebApplication->processRequest()
#2 /var/www/dtechsite/index.php(13): CApplication->run()
#3 {main}
REQUEST_URI=/dtechsite/index.php/images/releasing_img_03.png
HTTP_REFERER=http://localhost/dtechsite/index.php/
---
2013/08/06 10:48:49 [error] [exception.CHttpException.404] exception 'CHttpException' with message 'Unable to resolve the request "images/back_to_up_03.jpg".' in /var/www/frameworks/yii-1.1.13.e9e4a0/framework/web/CWebApplication.php:286
Stack trace:
#0 /var/www/frameworks/yii-1.1.13.e9e4a0/framework/web/CWebApplication.php(141): CWebApplication->runController('images/back_to_...')
#1 /var/www/frameworks/yii-1.1.13.e9e4a0/framework/base/CApplication.php(169): CWebApplication->processRequest()
#2 /var/www/dtechsite/index.php(13): CApplication->run()
#3 {main}
REQUEST_URI=/dtechsite/index.php/images/back_to_up_03.jpg
HTTP_REFERER=http://localhost/dtechsite/index.php/
---
2013/08/06 10:48:49 [error] [exception.CHttpException.404] exception 'CHttpException' with message 'Unable to resolve the request "images/pad_img_03.jpg".' in /var/www/frameworks/yii-1.1.13.e9e4a0/framework/web/CWebApplication.php:286
Stack trace:
#0 /var/www/frameworks/yii-1.1.13.e9e4a0/framework/web/CWebApplication.php(141): CWebApplication->runController('images/pad_img_...')
#1 /var/www/frameworks/yii-1.1.13.e9e4a0/framework/base/CApplication.php(169): CWebApplication->processRequest()
#2 /var/www/dtechsite/index.php(13): CApplication->run()
#3 {main}
REQUEST_URI=/dtechsite/index.php/images/pad_img_03.jpg
HTTP_REFERER=http://localhost/dtechsite/index.php/
---
2013/08/06 10:48:49 [error] [exception.CHttpException.404] exception 'CHttpException' with message 'Unable to resolve the request "images/tweeter_img_03.png".' in /var/www/frameworks/yii-1.1.13.e9e4a0/framework/web/CWebApplication.php:286
Stack trace:
#0 /var/www/frameworks/yii-1.1.13.e9e4a0/framework/web/CWebApplication.php(141): CWebApplication->runController('images/tweeter_...')
#1 /var/www/frameworks/yii-1.1.13.e9e4a0/framework/base/CApplication.php(169): CWebApplication->processRequest()
#2 /var/www/dtechsite/index.php(13): CApplication->run()
#3 {main}
REQUEST_URI=/dtechsite/index.php/images/tweeter_img_03.png
HTTP_REFERER=http://localhost/dtechsite/index.php/
---
2013/08/06 10:48:49 [error] [exception.CHttpException.404] exception 'CHttpException' with message 'Unable to resolve the request "images/google_img_03.png".' in /var/www/frameworks/yii-1.1.13.e9e4a0/framework/web/CWebApplication.php:286
Stack trace:
#0 /var/www/frameworks/yii-1.1.13.e9e4a0/framework/web/CWebApplication.php(141): CWebApplication->runController('images/google_i...')
#1 /var/www/frameworks/yii-1.1.13.e9e4a0/framework/base/CApplication.php(169): CWebApplication->processRequest()
#2 /var/www/dtechsite/index.php(13): CApplication->run()
#3 {main}
REQUEST_URI=/dtechsite/index.php/images/google_img_03.png
HTTP_REFERER=http://localhost/dtechsite/index.php/
---
2013/08/06 10:48:49 [error] [exception.CHttpException.404] exception 'CHttpException' with message 'Unable to resolve the request "images/facebook_big_img_03.png".' in /var/www/frameworks/yii-1.1.13.e9e4a0/framework/web/CWebApplication.php:286
Stack trace:
#0 /var/www/frameworks/yii-1.1.13.e9e4a0/framework/web/CWebApplication.php(141): CWebApplication->runController('images/facebook...')
#1 /var/www/frameworks/yii-1.1.13.e9e4a0/framework/base/CApplication.php(169): CWebApplication->processRequest()
#2 /var/www/dtechsite/index.php(13): CApplication->run()
#3 {main}
REQUEST_URI=/dtechsite/index.php/images/facebook_big_img_03.png
HTTP_REFERER=http://localhost/dtechsite/index.php/
---
2013/08/06 10:48:49 [error] [exception.CHttpException.404] exception 'CHttpException' with message 'Unable to resolve the request "images/footer_linked_in_03.jpg".' in /var/www/frameworks/yii-1.1.13.e9e4a0/framework/web/CWebApplication.php:286
Stack trace:
#0 /var/www/frameworks/yii-1.1.13.e9e4a0/framework/web/CWebApplication.php(141): CWebApplication->runController('images/footer_l...')
#1 /var/www/frameworks/yii-1.1.13.e9e4a0/framework/base/CApplication.php(169): CWebApplication->processRequest()
#2 /var/www/dtechsite/index.php(13): CApplication->run()
#3 {main}
REQUEST_URI=/dtechsite/index.php/images/footer_linked_in_03.jpg
HTTP_REFERER=http://localhost/dtechsite/index.php/
---
2013/08/06 12:04:34 [error] [exception.CException] exception 'CException' with message 'ContactForm and its behaviors do not have a method or closure named "hasError".' in /var/www/frameworks/yii-1.1.13.e9e4a0/framework/base/CComponent.php:265
Stack trace:
#0 /var/www/dtechsite/protected/views/site/index.php(16): CComponent->__call('hasError', Array)
#1 /var/www/dtechsite/protected/views/site/index.php(16): ContactForm->hasError()
#2 /var/www/frameworks/yii-1.1.13.e9e4a0/framework/web/CBaseController.php(126): require('/var/www/dtechs...')
#3 /var/www/frameworks/yii-1.1.13.e9e4a0/framework/web/CBaseController.php(95): CBaseController->renderInternal('/var/www/dtechs...', Array, true)
#4 /var/www/frameworks/yii-1.1.13.e9e4a0/framework/web/CController.php(869): CBaseController->renderFile('/var/www/dtechs...', Array, true)
#5 /var/www/frameworks/yii-1.1.13.e9e4a0/framework/web/CController.php(782): CController->renderPartial('index', Array, true)
#6 /var/www/dtechsite/protected/controllers/SiteController.php(40): CController->render('index', Array)
#7 /var/www/frameworks/yii-1.1.13.e9e4a0/framework/web/actions/CInlineAction.php(49): SiteController->actionIndex()
#8 /var/www/frameworks/yii-1.1.13.e9e4a0/framework/web/CController.php(308): CInlineAction->runWithParams(Array)
#9 /var/www/frameworks/yii-1.1.13.e9e4a0/framework/web/CController.php(286): CController->runAction(Object(CInlineAction))
#10 /var/www/frameworks/yii-1.1.13.e9e4a0/framework/web/CController.php(265): CController->runActionWithFilters(Object(CInlineAction), Array)
#11 /var/www/frameworks/yii-1.1.13.e9e4a0/framework/web/CWebApplication.php(282): CController->run('index')
#12 /var/www/frameworks/yii-1.1.13.e9e4a0/framework/web/CWebApplication.php(141): CWebApplication->runController('site/index')
#13 /var/www/frameworks/yii-1.1.13.e9e4a0/framework/base/CApplication.php(169): CWebApplication->processRequest()
#14 /var/www/dtechsite/index.php(13): CApplication->run()
#15 {main}
REQUEST_URI=/dtechsite/index.php/
HTTP_REFERER=http://localhost/dtechsite/index.php/
---
2013/08/06 14:01:26 [error] [exception.CHttpException.404] exception 'CHttpException' with message 'Unable to resolve the request "images/cross.png".' in /var/www/frameworks/yii-1.1.13.e9e4a0/framework/web/CWebApplication.php:286
Stack trace:
#0 /var/www/frameworks/yii-1.1.13.e9e4a0/framework/web/CWebApplication.php(141): CWebApplication->runController('images/cross.pn...')
#1 /var/www/frameworks/yii-1.1.13.e9e4a0/framework/base/CApplication.php(169): CWebApplication->processRequest()
#2 /var/www/dtechsite/index.php(13): CApplication->run()
#3 {main}
REQUEST_URI=/dtechsite/index.php/images/cross.png
HTTP_REFERER=http://localhost/dtechsite/index.php/
---
2013/08/06 14:01:27 [error] [exception.CHttpException.404] exception 'CHttpException' with message 'Unable to resolve the request "images/cross.png".' in /var/www/frameworks/yii-1.1.13.e9e4a0/framework/web/CWebApplication.php:286
Stack trace:
#0 /var/www/frameworks/yii-1.1.13.e9e4a0/framework/web/CWebApplication.php(141): CWebApplication->runController('images/cross.pn...')
#1 /var/www/frameworks/yii-1.1.13.e9e4a0/framework/base/CApplication.php(169): CWebApplication->processRequest()
#2 /var/www/dtechsite/index.php(13): CApplication->run()
#3 {main}
REQUEST_URI=/dtechsite/index.php/images/cross.png
HTTP_REFERER=http://localhost/dtechsite/index.php/
---
2013/08/06 14:05:13 [error] [exception.CHttpException.404] exception 'CHttpException' with message 'Unable to resolve the request "images/cross.png".' in /var/www/frameworks/yii-1.1.13.e9e4a0/framework/web/CWebApplication.php:286
Stack trace:
#0 /var/www/frameworks/yii-1.1.13.e9e4a0/framework/web/CWebApplication.php(141): CWebApplication->runController('images/cross.pn...')
#1 /var/www/frameworks/yii-1.1.13.e9e4a0/framework/base/CApplication.php(169): CWebApplication->processRequest()
#2 /var/www/dtechsite/index.php(13): CApplication->run()
#3 {main}
REQUEST_URI=/dtechsite/index.php/images/cross.png
HTTP_REFERER=http://localhost/dtechsite/index.php/
---
2013/08/06 14:05:14 [error] [exception.CHttpException.404] exception 'CHttpException' with message 'Unable to resolve the request "images/cross.png".' in /var/www/frameworks/yii-1.1.13.e9e4a0/framework/web/CWebApplication.php:286
Stack trace:
#0 /var/www/frameworks/yii-1.1.13.e9e4a0/framework/web/CWebApplication.php(141): CWebApplication->runController('images/cross.pn...')
#1 /var/www/frameworks/yii-1.1.13.e9e4a0/framework/base/CApplication.php(169): CWebApplication->processRequest()
#2 /var/www/dtechsite/index.php(13): CApplication->run()
#3 {main}
REQUEST_URI=/dtechsite/index.php/images/cross.png
HTTP_REFERER=http://localhost/dtechsite/index.php/
---
2013/08/06 14:05:24 [error] [exception.CHttpException.404] exception 'CHttpException' with message 'Unable to resolve the request "images/cross.png".' in /var/www/frameworks/yii-1.1.13.e9e4a0/framework/web/CWebApplication.php:286
Stack trace:
#0 /var/www/frameworks/yii-1.1.13.e9e4a0/framework/web/CWebApplication.php(141): CWebApplication->runController('images/cross.pn...')
#1 /var/www/frameworks/yii-1.1.13.e9e4a0/framework/base/CApplication.php(169): CWebApplication->processRequest()
#2 /var/www/dtechsite/index.php(13): CApplication->run()
#3 {main}
REQUEST_URI=/dtechsite/index.php/images/cross.png
HTTP_REFERER=http://localhost/dtechsite/index.php/
---
2013/08/06 14:05:25 [error] [exception.CHttpException.404] exception 'CHttpException' with message 'Unable to resolve the request "images/cross.png".' in /var/www/frameworks/yii-1.1.13.e9e4a0/framework/web/CWebApplication.php:286
Stack trace:
#0 /var/www/frameworks/yii-1.1.13.e9e4a0/framework/web/CWebApplication.php(141): CWebApplication->runController('images/cross.pn...')
#1 /var/www/frameworks/yii-1.1.13.e9e4a0/framework/base/CApplication.php(169): CWebApplication->processRequest()
#2 /var/www/dtechsite/index.php(13): CApplication->run()
#3 {main}
REQUEST_URI=/dtechsite/index.php/images/cross.png
HTTP_REFERER=http://localhost/dtechsite/index.php/
---
2013/08/06 14:47:07 [error] [exception.CHttpException.404] exception 'CHttpException' with message 'Unable to resolve the request "images/aeroleft.png".' in /var/www/frameworks/yii-1.1.13.e9e4a0/framework/web/CWebApplication.php:286
Stack trace:
#0 /var/www/frameworks/yii-1.1.13.e9e4a0/framework/web/CWebApplication.php(141): CWebApplication->runController('images/aeroleft...')
#1 /var/www/frameworks/yii-1.1.13.e9e4a0/framework/base/CApplication.php(169): CWebApplication->processRequest()
#2 /var/www/dtechsite/index.php(13): CApplication->run()
#3 {main}
REQUEST_URI=/dtechsite/index.php/images/aeroleft.png
HTTP_REFERER=http://localhost/dtechsite/index.php/
---
2013/08/06 14:47:07 [error] [exception.CHttpException.404] exception 'CHttpException' with message 'Unable to resolve the request "images/scroolaero.png".' in /var/www/frameworks/yii-1.1.13.e9e4a0/framework/web/CWebApplication.php:286
Stack trace:
#0 /var/www/frameworks/yii-1.1.13.e9e4a0/framework/web/CWebApplication.php(141): CWebApplication->runController('images/scroolae...')
#1 /var/www/frameworks/yii-1.1.13.e9e4a0/framework/base/CApplication.php(169): CWebApplication->processRequest()
#2 /var/www/dtechsite/index.php(13): CApplication->run()
#3 {main}
REQUEST_URI=/dtechsite/index.php/images/scroolaero.png
HTTP_REFERER=http://localhost/dtechsite/index.php/
---
2013/08/06 14:47:08 [error] [exception.CHttpException.404] exception 'CHttpException' with message 'Unable to resolve the request "images/aeroleft.png".' in /var/www/frameworks/yii-1.1.13.e9e4a0/framework/web/CWebApplication.php:286
Stack trace:
#0 /var/www/frameworks/yii-1.1.13.e9e4a0/framework/web/CWebApplication.php(141): CWebApplication->runController('images/aeroleft...')
#1 /var/www/frameworks/yii-1.1.13.e9e4a0/framework/base/CApplication.php(169): CWebApplication->processRequest()
#2 /var/www/dtechsite/index.php(13): CApplication->run()
#3 {main}
REQUEST_URI=/dtechsite/index.php/images/aeroleft.png
HTTP_REFERER=http://localhost/dtechsite/index.php/
---
2013/08/06 14:47:08 [error] [exception.CHttpException.404] exception 'CHttpException' with message 'Unable to resolve the request "images/scroolaero.png".' in /var/www/frameworks/yii-1.1.13.e9e4a0/framework/web/CWebApplication.php:286
Stack trace:
#0 /var/www/frameworks/yii-1.1.13.e9e4a0/framework/web/CWebApplication.php(141): CWebApplication->runController('images/scroolae...')
#1 /var/www/frameworks/yii-1.1.13.e9e4a0/framework/base/CApplication.php(169): CWebApplication->processRequest()
#2 /var/www/dtechsite/index.php(13): CApplication->run()
#3 {main}
REQUEST_URI=/dtechsite/index.php/images/scroolaero.png
HTTP_REFERER=http://localhost/dtechsite/index.php/
---
